<?xml version="1.0" encoding="UTF-8"?>
<!-- Generated by org.testng.reporters.JUnitReportReporter -->
<testsuite hostname="Raghuveers-MacBook-Air.local" failures="0" tests="1" name="com.adv.Demo01_TestNG_Annotations" time="0.005" errors="0" timestamp="2020-07-16T20:11:27 IST" skipped="0">
  <testcase classname="com.adv.Demo01_TestNG_Annotations" name="test" time="0.005"/>
  <system-out/>
</testsuite> <!-- com.adv.Demo01_TestNG_Annotations -->
