<?xml version="1.0" encoding="UTF-8"?>
<!-- Generated by org.testng.reporters.JUnitReportReporter -->
<testsuite hostname="Raghuveers-MacBook-Air.local" failures="0" tests="2" name="com.testng.com.testng.NewTest" time="0.021" errors="0" timestamp="29 May 2020 07:01:30 GMT">
  <testcase classname="com.testng.com.testng.NewTest" name="f1" time="0.012"/>
  <testcase classname="com.testng.com.testng.NewTest" name="f" time="0.009"/>
</testsuite> <!-- com.testng.com.testng.NewTest -->
